<?xml version="1.0" encoding="UTF-8"?>
<!-- Generated by org.testng.reporters.JUnitReportReporter -->
<testsuite hostname="MUGESH" failures="0" tests="1" name="loginvalidation.Locators" time="15.363" errors="0" timestamp="2024-10-05T22:50:31 IST" skipped="0">
  <testcase classname="loginvalidation.Locators" name="Locators" time="15.363"/>
</testsuite> <!-- loginvalidation.Locators -->
